ARM GAS  C:\Users\daova\AppData\Local\Temp\ccDDNIzx.s 			page 1


   1              		.cpu cortex-m4
   2              		.arch armv7e-m
   3              		.fpu fpv4-sp-d16
   4              		.eabi_attribute 27, 1
   5              		.eabi_attribute 28, 1
   6              		.eabi_attribute 20, 1
   7              		.eabi_attribute 21, 1
   8              		.eabi_attribute 23, 3
   9              		.eabi_attribute 24, 1
  10              		.eabi_attribute 25, 1
  11              		.eabi_attribute 26, 1
  12              		.eabi_attribute 30, 1
  13              		.eabi_attribute 34, 1
  14              		.eabi_attribute 18, 4
  15              		.file	"main.c"
  16              		.text
  17              	.Ltext0:
  18              		.cfi_sections	.debug_frame
  19              		.file 1 "src/main.c"
  20              		.section	.text.main,"ax",%progbits
  21              		.align	1
  22              		.global	main
  23              		.syntax unified
  24              		.thumb
  25              		.thumb_func
  27              	main:
  28              	.LFB0:
   1:src/main.c    **** 
   2:src/main.c    **** #include "drivers/io.h"
   3:src/main.c    **** #include "drivers/rcc.h"
   4:src/main.c    **** #include "common/define.h"
   5:src/main.c    **** 
   6:src/main.c    **** 
   7:src/main.c    **** 
   8:src/main.c    **** 
   9:src/main.c    **** int main(void)
  10:src/main.c    **** {
  29              		.loc 1 10 1 view -0
  30              		.cfi_startproc
  31              		@ Volatile: function does not return.
  32              		@ args = 0, pretend = 0, frame = 0
  33              		@ frame_needed = 0, uses_anonymous_args = 0
  34 0000 08B5     		push	{r3, lr}
  35              	.LCFI0:
  36              		.cfi_def_cfa_offset 8
  37              		.cfi_offset 3, -8
  38              		.cfi_offset 14, -4
  11:src/main.c    ****   io_init();
  39              		.loc 1 11 3 view .LVU1
  40 0002 FFF7FEFF 		bl	io_init
  41              	.LVL0:
  42              	.L2:
  12:src/main.c    **** 
  13:src/main.c    ****   while(1);
  43              		.loc 1 13 3 discriminator 1 view .LVU2
  44              		.loc 1 13 8 discriminator 1 view .LVU3
  45 0006 FEE7     		b	.L2
ARM GAS  C:\Users\daova\AppData\Local\Temp\ccDDNIzx.s 			page 2


  46              		.cfi_endproc
  47              	.LFE0:
  49              		.text
  50              	.Letext0:
  51              		.file 2 "src/drivers/io.h"
ARM GAS  C:\Users\daova\AppData\Local\Temp\ccDDNIzx.s 			page 3


DEFINED SYMBOLS
                            *ABS*:00000000 main.c
C:\Users\daova\AppData\Local\Temp\ccDDNIzx.s:21     .text.main:00000000 $t
C:\Users\daova\AppData\Local\Temp\ccDDNIzx.s:27     .text.main:00000000 main

UNDEFINED SYMBOLS
io_init
